<?xml version="1.0" encoding="UTF-8"?>
<testng-results skipped="0" failed="0" ignored="0" total="1" passed="1">
  <reporter-output>
  </reporter-output>
  <suite name="Surefire suite" duration-ms="79" started-at="2022-06-15T09:46:04 IST" finished-at="2022-06-15T09:46:05 IST">
    <groups>
    </groups>
    <test name="Surefire test" duration-ms="79" started-at="2022-06-15T09:46:04 IST" finished-at="2022-06-15T09:46:05 IST">
      <class name="org.example.AppTest">
        <test-method status="PASS" signature="shouldAnswerWithTrue()" name="shouldAnswerWithTrue" duration-ms="0" started-at="2022-06-15T09:46:05 IST" finished-at="2022-06-15T09:46:05 IST">
          <reporter-output>
          </reporter-output>
        </test-method> <!-- shouldAnswerWithTrue -->
      </class> <!-- org.example.AppTest -->
    </test> <!-- Surefire test -->
  </suite> <!-- Surefire suite -->
</testng-results>
