<?xml version="1.0" encoding="UTF-8"?>
<testng-results skipped="0" failed="0" ignored="0" total="1" passed="1">
  <reporter-output>
  </reporter-output>
  <suite name="Surefire suite" duration-ms="1391" started-at="2022-06-15T09:46:03 IST" finished-at="2022-06-15T09:46:04 IST">
    <groups>
      <group name="cucumber">
        <method signature="AbstractTestNGCucumberTests.runScenario(io.cucumber.testng.PickleWrapper, io.cucumber.testng.FeatureWrapper)[pri:0, instance:cucumberOptions.TestNgTestRunner@27a8c74e]" name="runScenario" class="io.cucumber.testng.AbstractTestNGCucumberTests"/>
      </group> <!-- cucumber -->
    </groups>
    <test name="Surefire test" duration-ms="1391" started-at="2022-06-15T09:46:03 IST" finished-at="2022-06-15T09:46:04 IST">
      <class name="cucumberOptions.TestNgTestRunner">
        <test-method status="PASS" signature="setUpClass(org.testng.ITestContext)[pri:0, instance:cucumberOptions.TestNgTestRunner@27a8c74e]" name="setUpClass" is-config="true" duration-ms="1047" started-at="2022-06-15T09:46:03 IST" finished-at="2022-06-15T09:46:04 IST">
          <params>
            <param index="0">
              <value>
                <![CDATA[org.testng.TestRunner@6f7923a5]]>
              </value>
            </param>
          </params>
          <reporter-output>
          </reporter-output>
        </test-method> <!-- setUpClass -->
        <test-method status="PASS" signature="runScenario(io.cucumber.testng.PickleWrapper, io.cucumber.testng.FeatureWrapper)[pri:0, instance:cucumberOptions.TestNgTestRunner@27a8c74e]" name="runScenario" duration-ms="156" started-at="2022-06-15T09:46:04 IST" description="Runs Cucumber Scenarios" data-provider="scenarios" finished-at="2022-06-15T09:46:04 IST">
          <params>
            <param index="0">
              <value>
                <![CDATA["Home page default login"]]>
              </value>
            </param>
            <param index="1">
              <value>
                <![CDATA["SauceLab Login"]]>
              </value>
            </param>
          </params>
          <reporter-output>
          </reporter-output>
        </test-method> <!-- runScenario -->
        <test-method status="PASS" signature="tearDownClass()[pri:0, instance:cucumberOptions.TestNgTestRunner@27a8c74e]" name="tearDownClass" is-config="true" duration-ms="141" started-at="2022-06-15T09:46:04 IST" finished-at="2022-06-15T09:46:04 IST">
          <reporter-output>
          </reporter-output>
        </test-method> <!-- tearDownClass -->
      </class> <!-- cucumberOptions.TestNgTestRunner -->
    </test> <!-- Surefire test -->
  </suite> <!-- Surefire suite -->
</testng-results>
